<?xml version="1.0" encoding="UTF-8"?>
<!-- Generated by org.testng.reporters.JUnitReportReporter -->
<testsuite hostname="DESKTOP-2OU9P92" name="com.Automation.HoroLab.TestCases.RepairModuleTestCases" tests="1" failures="0" timestamp="31 Jul 2020 17:37:19 GMT" time="144.386" errors="0">
  <testcase name="TestCase07" time="144.386" classname="com.Automation.HoroLab.TestCases.RepairModuleTestCases"/>
</testsuite> <!-- com.Automation.HoroLab.TestCases.RepairModuleTestCases -->
