<?xml version="1.0" encoding="UTF-8"?>
<!-- Generated by org.testng.reporters.JUnitReportReporter -->
<testsuite hostname="DESKTOP-2OU9P92" name="com.Automation.HoroLab.TestCases.BookRepairFlow" tests="1" failures="0" timestamp="25 Jul 2020 01:32:00 GMT" time="55.682" errors="0">
  <testcase name="TC_BookRepairE2E_001" time="55.682" classname="com.Automation.HoroLab.TestCases.BookRepairFlow"/>
</testsuite> <!-- com.Automation.HoroLab.TestCases.BookRepairFlow -->
