<?xml version="1.0" encoding="UTF-8"?>
<!-- Generated by org.testng.reporters.JUnitReportReporter -->
<testsuite hostname="DESKTOP-2OU9P92" name="com.Automation.HoroLab.TestCases.Login" tests="2" failures="0" timestamp="19 Jul 2020 04:39:03 GMT" time="33.240" errors="0">
  <testcase name="Tc_Login_002" time="15.940" classname="com.Automation.HoroLab.TestCases.Login"/>
  <testcase name="Tc_Login_001" time="17.300" classname="com.Automation.HoroLab.TestCases.Login"/>
</testsuite> <!-- com.Automation.HoroLab.TestCases.Login -->
