<?xml version="1.0" encoding="UTF-8"?>
<!-- Generated by org.testng.reporters.JUnitReportReporter -->
<testsuite hostname="DESKTOP-2OU9P92" name="com.Automation.HoroLab.TestCases.AdminModuleTestCases" tests="1" failures="0" timestamp="9 Aug 2020 16:53:44 GMT" time="48.228" errors="0">
  <testcase name="TC_PartsandModels_01_02_03_04_05_06" time="48.228" classname="com.Automation.HoroLab.TestCases.AdminModuleTestCases"/>
</testsuite> <!-- com.Automation.HoroLab.TestCases.AdminModuleTestCases -->
