<?xml version="1.0" encoding="UTF-8"?>
<!-- Generated by org.testng.reporters.JUnitReportReporter -->
<testsuite hostname="DESKTOP-2OU9P92" name="com.Automation.HoroLab.TestCases.QuickRepairFlow" tests="1" failures="0" timestamp="25 Jul 2020 04:26:16 GMT" time="110.931" errors="0">
  <testcase name="TC_BookRepairE2E_001" time="110.931" classname="com.Automation.HoroLab.TestCases.QuickRepairFlow"/>
</testsuite> <!-- com.Automation.HoroLab.TestCases.QuickRepairFlow -->
